<?xml version="1.0" encoding="UTF-8"?>
<!-- Generated by org.testng.reporters.JUnitReportReporter -->
<testsuite skipped="0" hostname="SebahattinsAir2.home" name="com.qa.hotels.com.test.HotelsPageTest" tests="3" failures="0" timestamp="2020-07-29T23:40:30 CDT" time="130.004" errors="0">
  <testcase name="choosingStar" time="1.505" classname="com.qa.hotels.com.test.HotelsPageTest"/>
  <system-out/>
  <testcase name="PageDown" time="128.450" classname="com.qa.hotels.com.test.HotelsPageTest"/>
  <system-out/>
  <testcase name="checkingHilton" time="0.049" classname="com.qa.hotels.com.test.HotelsPageTest"/>
  <system-out/>
</testsuite> <!-- com.qa.hotels.com.test.HotelsPageTest -->
