<?xml version="1.0" encoding="UTF-8"?>
<!-- Generated by org.testng.reporters.JUnitReportReporter -->
<testsuite skipped="0" hostname="SebahattinsAir2.home" name="com.qa.hotels.com.test.HomePageTest" tests="2" failures="0" timestamp="2020-07-29T23:40:30 CDT" time="13.787" errors="0">
  <testcase name="verifyHomePageTitle" time="0.130" classname="com.qa.hotels.com.test.HomePageTest"/>
  <system-out/>
  <testcase name="destinationChoosing" time="13.657" classname="com.qa.hotels.com.test.HomePageTest"/>
  <system-out/>
</testsuite> <!-- com.qa.hotels.com.test.HomePageTest -->
