<?xml version="1.0" encoding="UTF-8"?>
<!-- Generated by org.testng.reporters.JUnitReportReporter -->
<testsuite skipped="0" hostname="SebahattinsAir2.home" name="com.qa.hotels.com.test.Hotels3StarPageTest" tests="4" failures="0" timestamp="2020-07-29T23:40:30 CDT" time="114.181" errors="0">
  <testcase name="choosingStar" time="1.654" classname="com.qa.hotels.com.test.Hotels3StarPageTest"/>
  <system-out/>
  <testcase name="landmar" time="2.785" classname="com.qa.hotels.com.test.Hotels3StarPageTest"/>
  <system-out/>
  <testcase name="PageDown" time="109.600" classname="com.qa.hotels.com.test.Hotels3StarPageTest"/>
  <system-out/>
  <testcase name="threeStarHotels" time="0.142" classname="com.qa.hotels.com.test.Hotels3StarPageTest"/>
  <system-out/>
</testsuite> <!-- com.qa.hotels.com.test.Hotels3StarPageTest -->
