<?xml version="1.0" encoding="UTF-8"?>
<!-- Generated by org.testng.reporters.JUnitReportReporter -->
<testsuite skipped="0" hostname="SebahattinsAir2.home" name="com.qa.hotels.com.test.Hotels4StarPageTest" tests="4" failures="0" timestamp="2020-07-29T23:40:30 CDT" time="54.302" errors="0">
  <testcase name="choosingStar" time="1.447" classname="com.qa.hotels.com.test.Hotels4StarPageTest"/>
  <system-out/>
  <testcase name="landmark" time="10.277" classname="com.qa.hotels.com.test.Hotels4StarPageTest"/>
  <system-out/>
  <testcase name="down" time="42.262" classname="com.qa.hotels.com.test.Hotels4StarPageTest"/>
  <system-out/>
  <testcase name="fourStarHotels" time="0.316" classname="com.qa.hotels.com.test.Hotels4StarPageTest"/>
  <system-out/>
</testsuite> <!-- com.qa.hotels.com.test.Hotels4StarPageTest -->
